Determining if the pthread_create exist failed with the following output:
Change Dir: /home/olga/ros_comm/tools/rosbag_info_pkg/CMakeFiles/CMakeTmp

Run Build Command:"/usr/bin/make" "cmTC_62732/fast"
/usr/bin/make -f CMakeFiles/cmTC_62732.dir/build.make CMakeFiles/cmTC_62732.dir/build
make[1]: вход в каталог «/home/olga/ros_comm/tools/rosbag_info_pkg/CMakeFiles/CMakeTmp»
Building C object CMakeFiles/cmTC_62732.dir/CheckSymbolExists.c.o
/usr/bin/cc     -o CMakeFiles/cmTC_62732.dir/CheckSymbolExists.c.o   -c /home/olga/ros_comm/tools/rosbag_info_pkg/CMakeFiles/CMakeTmp/CheckSymbolExists.c
Linking C executable cmTC_62732
/usr/bin/cmake -E cmake_link_script CMakeFiles/cmTC_62732.dir/link.txt --verbose=1
/usr/bin/cc       CMakeFiles/cmTC_62732.dir/CheckSymbolExists.c.o  -o cmTC_62732 -rdynamic 
CMakeFiles/cmTC_62732.dir/CheckSymbolExists.c.o: In function `main':
CheckSymbolExists.c:(.text+0x16): undefined reference to `pthread_create'
collect2: error: ld returned 1 exit status
CMakeFiles/cmTC_62732.dir/build.make:97: ошибка выполнения рецепта для цели «cmTC_62732»
make[1]: *** [cmTC_62732] Ошибка 1
make[1]: выход из каталога «/home/olga/ros_comm/tools/rosbag_info_pkg/CMakeFiles/CMakeTmp»
Makefile:126: ошибка выполнения рецепта для цели «cmTC_62732/fast»
make: *** [cmTC_62732/fast] Ошибка 2

File /home/olga/ros_comm/tools/rosbag_info_pkg/CMakeFiles/CMakeTmp/CheckSymbolExists.c:
/* */
#include <pthread.h>

int main(int argc, char** argv)
{
  (void)argv;
#ifndef pthread_create
  return ((int*)(&pthread_create))[argc];
#else
  (void)argc;
  return 0;
#endif
}

Determining if the function pthread_create exists in the pthreads failed with the following output:
Change Dir: /home/olga/ros_comm/tools/rosbag_info_pkg/CMakeFiles/CMakeTmp

Run Build Command:"/usr/bin/make" "cmTC_f547c/fast"
/usr/bin/make -f CMakeFiles/cmTC_f547c.dir/build.make CMakeFiles/cmTC_f547c.dir/build
make[1]: вход в каталог «/home/olga/ros_comm/tools/rosbag_info_pkg/CMakeFiles/CMakeTmp»
Building C object CMakeFiles/cmTC_f547c.dir/CheckFunctionExists.c.o
/usr/bin/cc    -DCHECK_FUNCTION_EXISTS=pthread_create   -o CMakeFiles/cmTC_f547c.dir/CheckFunctionExists.c.o   -c /usr/share/cmake-3.5/Modules/CheckFunctionExists.c
Linking C executable cmTC_f547c
/usr/bin/cmake -E cmake_link_script CMakeFiles/cmTC_f547c.dir/link.txt --verbose=1
/usr/bin/cc   -DCHECK_FUNCTION_EXISTS=pthread_create    CMakeFiles/cmTC_f547c.dir/CheckFunctionExists.c.o  -o cmTC_f547c -rdynamic -lpthreads 
/usr/bin/ld: cannot find -lpthreads
collect2: error: ld returned 1 exit status
CMakeFiles/cmTC_f547c.dir/build.make:97: ошибка выполнения рецепта для цели «cmTC_f547c»
make[1]: *** [cmTC_f547c] Ошибка 1
make[1]: выход из каталога «/home/olga/ros_comm/tools/rosbag_info_pkg/CMakeFiles/CMakeTmp»
Makefile:126: ошибка выполнения рецепта для цели «cmTC_f547c/fast»
make: *** [cmTC_f547c/fast] Ошибка 2


