Determining if the pthread_create exist failed with the following output:
Change Dir: /home/olga/ros_comm/tools/rosbag/rosbag_info_pkg/CMakeFiles/CMakeTmp

Run Build Command:"/usr/bin/make" "cmTC_7cdcd/fast"
/usr/bin/make -f CMakeFiles/cmTC_7cdcd.dir/build.make CMakeFiles/cmTC_7cdcd.dir/build
make[1]: вход в каталог «/home/olga/ros_comm/tools/rosbag/rosbag_info_pkg/CMakeFiles/CMakeTmp»
Building C object CMakeFiles/cmTC_7cdcd.dir/CheckSymbolExists.c.o
/usr/bin/cc     -o CMakeFiles/cmTC_7cdcd.dir/CheckSymbolExists.c.o   -c /home/olga/ros_comm/tools/rosbag/rosbag_info_pkg/CMakeFiles/CMakeTmp/CheckSymbolExists.c
Linking C executable cmTC_7cdcd
/usr/bin/cmake -E cmake_link_script CMakeFiles/cmTC_7cdcd.dir/link.txt --verbose=1
/usr/bin/cc       CMakeFiles/cmTC_7cdcd.dir/CheckSymbolExists.c.o  -o cmTC_7cdcd -rdynamic 
CMakeFiles/cmTC_7cdcd.dir/CheckSymbolExists.c.o: In function `main':
CheckSymbolExists.c:(.text+0x16): undefined reference to `pthread_create'
collect2: error: ld returned 1 exit status
CMakeFiles/cmTC_7cdcd.dir/build.make:97: ошибка выполнения рецепта для цели «cmTC_7cdcd»
make[1]: *** [cmTC_7cdcd] Ошибка 1
make[1]: выход из каталога «/home/olga/ros_comm/tools/rosbag/rosbag_info_pkg/CMakeFiles/CMakeTmp»
Makefile:126: ошибка выполнения рецепта для цели «cmTC_7cdcd/fast»
make: *** [cmTC_7cdcd/fast] Ошибка 2

File /home/olga/ros_comm/tools/rosbag/rosbag_info_pkg/CMakeFiles/CMakeTmp/CheckSymbolExists.c:
/* */
#include <pthread.h>

int main(int argc, char** argv)
{
  (void)argv;
#ifndef pthread_create
  return ((int*)(&pthread_create))[argc];
#else
  (void)argc;
  return 0;
#endif
}

Determining if the function pthread_create exists in the pthreads failed with the following output:
Change Dir: /home/olga/ros_comm/tools/rosbag/rosbag_info_pkg/CMakeFiles/CMakeTmp

Run Build Command:"/usr/bin/make" "cmTC_c66ae/fast"
/usr/bin/make -f CMakeFiles/cmTC_c66ae.dir/build.make CMakeFiles/cmTC_c66ae.dir/build
make[1]: вход в каталог «/home/olga/ros_comm/tools/rosbag/rosbag_info_pkg/CMakeFiles/CMakeTmp»
Building C object CMakeFiles/cmTC_c66ae.dir/CheckFunctionExists.c.o
/usr/bin/cc    -DCHECK_FUNCTION_EXISTS=pthread_create   -o CMakeFiles/cmTC_c66ae.dir/CheckFunctionExists.c.o   -c /usr/share/cmake-3.5/Modules/CheckFunctionExists.c
Linking C executable cmTC_c66ae
/usr/bin/cmake -E cmake_link_script CMakeFiles/cmTC_c66ae.dir/link.txt --verbose=1
/usr/bin/cc   -DCHECK_FUNCTION_EXISTS=pthread_create    CMakeFiles/cmTC_c66ae.dir/CheckFunctionExists.c.o  -o cmTC_c66ae -rdynamic -lpthreads 
/usr/bin/ld: cannot find -lpthreads
collect2: error: ld returned 1 exit status
CMakeFiles/cmTC_c66ae.dir/build.make:97: ошибка выполнения рецепта для цели «cmTC_c66ae»
make[1]: *** [cmTC_c66ae] Ошибка 1
make[1]: выход из каталога «/home/olga/ros_comm/tools/rosbag/rosbag_info_pkg/CMakeFiles/CMakeTmp»
Makefile:126: ошибка выполнения рецепта для цели «cmTC_c66ae/fast»
make: *** [cmTC_c66ae/fast] Ошибка 2


